0 info it worked if it ends with ok
1 verbose cli [ 'node', '/usr/local/bin/npm', 'publish' ]
2 info using npm@1.2.17
3 info using node@v0.10.3
4 verbose publish [ '.' ]
5 verbose read json /Users/mikolalysenko/GitHub/tree-layout-tester/package.json
6 verbose cache add [ '.', null ]
7 verbose cache add name=undefined spec="." args=[".",null]
8 verbose parsed url { protocol: null,
8 verbose parsed url   slashes: null,
8 verbose parsed url   auth: null,
8 verbose parsed url   host: null,
8 verbose parsed url   port: null,
8 verbose parsed url   hostname: null,
8 verbose parsed url   hash: null,
8 verbose parsed url   search: null,
8 verbose parsed url   query: null,
8 verbose parsed url   pathname: '.',
8 verbose parsed url   path: '.',
8 verbose parsed url   href: '.' }
9 silly lockFile 3a52ce78- .
10 verbose lock . /Users/mikolalysenko/.npm/3a52ce78-.lock
11 verbose read json package.json
12 verbose tar pack [ '/var/folders/zw/gbr5ndq52q527y2bn2n6h5rr0000gn/T/npm-3254/1366762171962-0.933738797204569/tmp.tgz',
12 verbose tar pack   '.' ]
13 verbose tarball /var/folders/zw/gbr5ndq52q527y2bn2n6h5rr0000gn/T/npm-3254/1366762171962-0.933738797204569/tmp.tgz
14 verbose folder .
15 info prepublish tree-layout-tester@0.0.3
16 silly lockFile 3a52ce78- .
17 verbose lock . /Users/mikolalysenko/.npm/3a52ce78-.lock
18 silly lockFile c388d95e-171962-0-933738797204569-tmp-tgz /var/folders/zw/gbr5ndq52q527y2bn2n6h5rr0000gn/T/npm-3254/1366762171962-0.933738797204569/tmp.tgz
19 verbose lock /var/folders/zw/gbr5ndq52q527y2bn2n6h5rr0000gn/T/npm-3254/1366762171962-0.933738797204569/tmp.tgz /Users/mikolalysenko/.npm/c388d95e-171962-0-933738797204569-tmp-tgz.lock
20 silly lockFile 3a52ce78- .
21 silly lockFile 3a52ce78- .
22 silly lockFile c388d95e-171962-0-933738797204569-tmp-tgz /var/folders/zw/gbr5ndq52q527y2bn2n6h5rr0000gn/T/npm-3254/1366762171962-0.933738797204569/tmp.tgz
23 silly lockFile c388d95e-171962-0-933738797204569-tmp-tgz /var/folders/zw/gbr5ndq52q527y2bn2n6h5rr0000gn/T/npm-3254/1366762171962-0.933738797204569/tmp.tgz
24 verbose tar unpack /var/folders/zw/gbr5ndq52q527y2bn2n6h5rr0000gn/T/npm-3254/1366762171962-0.933738797204569/tmp.tgz
25 silly lockFile 9ecc8876-171962-0-933738797204569-package /var/folders/zw/gbr5ndq52q527y2bn2n6h5rr0000gn/T/npm-3254/1366762171962-0.933738797204569/package
26 verbose lock /var/folders/zw/gbr5ndq52q527y2bn2n6h5rr0000gn/T/npm-3254/1366762171962-0.933738797204569/package /Users/mikolalysenko/.npm/9ecc8876-171962-0-933738797204569-package.lock
27 silly lockFile c388d95e-171962-0-933738797204569-tmp-tgz /var/folders/zw/gbr5ndq52q527y2bn2n6h5rr0000gn/T/npm-3254/1366762171962-0.933738797204569/tmp.tgz
28 verbose lock /var/folders/zw/gbr5ndq52q527y2bn2n6h5rr0000gn/T/npm-3254/1366762171962-0.933738797204569/tmp.tgz /Users/mikolalysenko/.npm/c388d95e-171962-0-933738797204569-tmp-tgz.lock
29 silly gunzTarPerm modes [ '755', '644' ]
30 silly gunzTarPerm extractEntry package.json
31 silly gunzTarPerm extractEntry README.md
32 silly gunzTarPerm extractEntry layout_test.js
33 verbose read json /var/folders/zw/gbr5ndq52q527y2bn2n6h5rr0000gn/T/npm-3254/1366762171962-0.933738797204569/package/package.json
34 silly lockFile 9ecc8876-171962-0-933738797204569-package /var/folders/zw/gbr5ndq52q527y2bn2n6h5rr0000gn/T/npm-3254/1366762171962-0.933738797204569/package
35 silly lockFile 9ecc8876-171962-0-933738797204569-package /var/folders/zw/gbr5ndq52q527y2bn2n6h5rr0000gn/T/npm-3254/1366762171962-0.933738797204569/package
36 silly lockFile c388d95e-171962-0-933738797204569-tmp-tgz /var/folders/zw/gbr5ndq52q527y2bn2n6h5rr0000gn/T/npm-3254/1366762171962-0.933738797204569/tmp.tgz
37 silly lockFile c388d95e-171962-0-933738797204569-tmp-tgz /var/folders/zw/gbr5ndq52q527y2bn2n6h5rr0000gn/T/npm-3254/1366762171962-0.933738797204569/tmp.tgz
38 verbose from cache /var/folders/zw/gbr5ndq52q527y2bn2n6h5rr0000gn/T/npm-3254/1366762171962-0.933738797204569/package/package.json
39 verbose tar pack [ '/Users/mikolalysenko/.npm/tree-layout-tester/0.0.3/package.tgz',
39 verbose tar pack   '/var/folders/zw/gbr5ndq52q527y2bn2n6h5rr0000gn/T/npm-3254/1366762171962-0.933738797204569/package' ]
40 verbose tarball /Users/mikolalysenko/.npm/tree-layout-tester/0.0.3/package.tgz
41 verbose folder /var/folders/zw/gbr5ndq52q527y2bn2n6h5rr0000gn/T/npm-3254/1366762171962-0.933738797204569/package
42 silly lockFile 9ecc8876-171962-0-933738797204569-package /var/folders/zw/gbr5ndq52q527y2bn2n6h5rr0000gn/T/npm-3254/1366762171962-0.933738797204569/package
43 verbose lock /var/folders/zw/gbr5ndq52q527y2bn2n6h5rr0000gn/T/npm-3254/1366762171962-0.933738797204569/package /Users/mikolalysenko/.npm/9ecc8876-171962-0-933738797204569-package.lock
44 silly lockFile 04a883cd--layout-tester-0-0-3-package-tgz /Users/mikolalysenko/.npm/tree-layout-tester/0.0.3/package.tgz
45 verbose lock /Users/mikolalysenko/.npm/tree-layout-tester/0.0.3/package.tgz /Users/mikolalysenko/.npm/04a883cd--layout-tester-0-0-3-package-tgz.lock
46 silly lockFile 9ecc8876-171962-0-933738797204569-package /var/folders/zw/gbr5ndq52q527y2bn2n6h5rr0000gn/T/npm-3254/1366762171962-0.933738797204569/package
47 silly lockFile 9ecc8876-171962-0-933738797204569-package /var/folders/zw/gbr5ndq52q527y2bn2n6h5rr0000gn/T/npm-3254/1366762171962-0.933738797204569/package
48 silly lockFile 04a883cd--layout-tester-0-0-3-package-tgz /Users/mikolalysenko/.npm/tree-layout-tester/0.0.3/package.tgz
49 silly lockFile 04a883cd--layout-tester-0-0-3-package-tgz /Users/mikolalysenko/.npm/tree-layout-tester/0.0.3/package.tgz
50 silly lockFile ce1d0ddb-tree-layout-tester-0-0-3-package /Users/mikolalysenko/.npm/tree-layout-tester/0.0.3/package
51 verbose lock /Users/mikolalysenko/.npm/tree-layout-tester/0.0.3/package /Users/mikolalysenko/.npm/ce1d0ddb-tree-layout-tester-0-0-3-package.lock
52 silly lockFile ce1d0ddb-tree-layout-tester-0-0-3-package /Users/mikolalysenko/.npm/tree-layout-tester/0.0.3/package
53 silly lockFile ce1d0ddb-tree-layout-tester-0-0-3-package /Users/mikolalysenko/.npm/tree-layout-tester/0.0.3/package
54 verbose tar unpack /Users/mikolalysenko/.npm/tree-layout-tester/0.0.3/package.tgz
55 silly lockFile ce1d0ddb-tree-layout-tester-0-0-3-package /Users/mikolalysenko/.npm/tree-layout-tester/0.0.3/package
56 verbose lock /Users/mikolalysenko/.npm/tree-layout-tester/0.0.3/package /Users/mikolalysenko/.npm/ce1d0ddb-tree-layout-tester-0-0-3-package.lock
57 silly lockFile 04a883cd--layout-tester-0-0-3-package-tgz /Users/mikolalysenko/.npm/tree-layout-tester/0.0.3/package.tgz
58 verbose lock /Users/mikolalysenko/.npm/tree-layout-tester/0.0.3/package.tgz /Users/mikolalysenko/.npm/04a883cd--layout-tester-0-0-3-package-tgz.lock
59 silly gunzTarPerm modes [ '755', '644' ]
60 silly gunzTarPerm extractEntry package.json
61 silly gunzTarPerm extractEntry README.md
62 silly gunzTarPerm extractEntry layout_test.js
63 verbose read json /Users/mikolalysenko/.npm/tree-layout-tester/0.0.3/package/package.json
64 silly lockFile ce1d0ddb-tree-layout-tester-0-0-3-package /Users/mikolalysenko/.npm/tree-layout-tester/0.0.3/package
65 silly lockFile ce1d0ddb-tree-layout-tester-0-0-3-package /Users/mikolalysenko/.npm/tree-layout-tester/0.0.3/package
66 silly lockFile 04a883cd--layout-tester-0-0-3-package-tgz /Users/mikolalysenko/.npm/tree-layout-tester/0.0.3/package.tgz
67 silly lockFile 04a883cd--layout-tester-0-0-3-package-tgz /Users/mikolalysenko/.npm/tree-layout-tester/0.0.3/package.tgz
68 silly shasum updated bytes 1452
69 info shasum b4c757110f20f2057c5bf27ec433cbb93f112a54
69 info shasum /Users/mikolalysenko/.npm/tree-layout-tester/0.0.3/package.tgz
70 verbose from cache /Users/mikolalysenko/.npm/tree-layout-tester/0.0.3/package/package.json
71 verbose chmod /Users/mikolalysenko/.npm/tree-layout-tester/0.0.3/package.tgz 644
72 verbose chown /Users/mikolalysenko/.npm/tree-layout-tester/0.0.3/package.tgz [ 501, 20 ]
73 silly lockFile 3a52ce78- .
74 silly publish { name: 'tree-layout-tester',
74 silly publish   version: '0.0.3',
74 silly publish   description: 'Tests cases for various tree layout algorithms',
74 silly publish   main: 'layout_test.js',
74 silly publish   scripts: { test: 'echo "Error: no test specified" && exit 1' },
74 silly publish   repository:
74 silly publish    { type: 'git',
74 silly publish      url: 'git://github.com/mikolalysenko/tree-layout-tester.git' },
74 silly publish   keywords:
74 silly publish    [ 'tree',
74 silly publish      'layout',
74 silly publish      'balanced',
74 silly publish      'binary',
74 silly publish      'search',
74 silly publish      'algorithms',
74 silly publish      'data',
74 silly publish      'structures' ],
74 silly publish   author: { name: 'Mikola Lysenko' },
74 silly publish   license: 'MIT',
74 silly publish   readmeFilename: 'README.md',
74 silly publish   gitHead: '99cbc6081bf62d188290604fca4323a388c42f06',
74 silly publish   readme: 'tree-layout-tester\n==================\nChecks a tree layout produces results consistent with a known tree ordering\n\n## Install\n\n    npm install tree-layout-tester\n \n## Example\n\n```javascript\nvar layoutTester = require("tree-layout-tester")\n\n//Your tree layout\nvar myLayout =  // ...  something\n\nrequire("tap").test("my layout test", function(t) {\n\n  var T = layoutTester.T\n    , testTree = layoutTester.bind({}, t, myLayout)\n\n  //Enforce that tree layout respects this ordering\n  testTree(T(0, T(1), T(2))\n\n  t.end()\n})\n```\n\n## API\n\n### `require("tree-layout-tester").T(v, left, right)`\nCreates a tree with index `v` and the given left/right subtrees\n\n### `require("tree-layout-tester")(tap, layout, root)`\nTests the layout against the tree given by root.  tap is a pointer to a tap object.\n\n# License\n(c) 2013 Mikola Lysenko. MIT License',
74 silly publish   _id: 'tree-layout-tester@0.0.3',
74 silly publish   dist: { shasum: 'b4c757110f20f2057c5bf27ec433cbb93f112a54' },
74 silly publish   _from: '.' }
75 verbose url raw tree-layout-tester
76 verbose url resolving [ 'https://registry.npmjs.org/', './tree-layout-tester' ]
77 verbose url resolved https://registry.npmjs.org/tree-layout-tester
78 info trying registry request attempt 1 at 17:09:42
79 http PUT https://registry.npmjs.org/tree-layout-tester
80 http 409 https://registry.npmjs.org/tree-layout-tester
81 verbose url raw tree-layout-tester
82 verbose url resolving [ 'https://registry.npmjs.org/', './tree-layout-tester' ]
83 verbose url resolved https://registry.npmjs.org/tree-layout-tester
84 info trying registry request attempt 1 at 17:09:44
85 http GET https://registry.npmjs.org/tree-layout-tester
86 http 200 https://registry.npmjs.org/tree-layout-tester
87 error publish fail Cannot publish over existing version.
87 error publish fail Update the 'version' field in package.json and try again.
87 error publish fail
87 error publish fail If the previous version was published in error, see:
87 error publish fail     npm help unpublish
87 error publish fail
87 error publish fail To automatically increment version numbers, see:
87 error publish fail     npm help version
88 error System Darwin 12.2.1
89 error command "node" "/usr/local/bin/npm" "publish"
90 error cwd /Users/mikolalysenko/GitHub/tree-layout-tester
91 error node -v v0.10.3
92 error npm -v 1.2.17
93 error code EPUBLISHCONFLICT
94 verbose exit [ 1, true ]
